G4BL_DIR=C:\Program Files (x86)\Muonsinc\G4beamline
G4ENSDFSTATEDATA=C:\Geant4Data/G4ENSDFSTATE2.2
G4LEDATA=C:\Geant4Data/G4EMLOW7.7
G4LEVELGAMMADATA=C:\Geant4Data/PhotonEvaporation5.3
G4SAIDXSDATA=C:\Geant4Data/G4SAIDDATA2.0
G4NEUTRONHPDATA=C:\Geant4Data/G4NDL4.5
G4NEUTRONXSDATA=C:\Geant4Data/G4NEUTRONXS1.4
G4PIIDATA=C:\Geant4Data/G4PII1.3
G4RADIOACTIVEDATA=C:\Geant4Data/RadioactiveDecay5.3
G4REALSURFACEDATA=C:\Geant4Data/RealSurface2.1.1
G4ABLADATA=C:\Geant4Data/G4ABLA3.1
G4PARTICLEXSDATA=C:\Geant4Data/G4PARTICLEXS1.1
G4INCLDATA=C:\Geant4Data/G4INCL1.0
G4TENDLDATA=C:\Geant4Data/G4TENDL1.3.2
G4beamline Process ID 23916

*************************************************************
 g4beamline version: 3.06                        (Jan 18 2019)
                      Copyright : Tom Roberts, Muons, Inc.
                        License : Gnu Public License
                            WWW : http://g4beamline.muonsinc.com
**************************************************************
 Geant4 version Name: geant4-10-05    (7-December-2018)
                       Copyright : Geant4 Collaboration
                      References : NIM A 506 (2003), 250-303
                                 : IEEE-TNS 53 (2006), 270-278
                                 : NIM A 835 (2016), 186-225
                             WWW : http://geant4.org/
**************************************************************

geometry                   nPoints=100 printGeometry=0 visual=0
                           tolerance=0.002
geometry                   nPoints=1000 printGeometry=1 visual=0
                           tolerance=1e-05
*	Diffraction.g4bl - ěîäĺëčđîâŕíčĺ äčôđŕęöčč ďđč ďđîőîćäĺíčč ÷ĺđĺç çŕäŕííóţ ńňđóęňóđó čç ńňĺęëîóăëĺđîäŕ 475 ěęě
*	a 5.3 keV gamma Gaussian beam
param        first         0
param        last          1000000
param        viewer        none  (already defined)
param        histoFile     0
param        histoUpdate   10000000
param        steppingFormat TAG CL STEP VOL MAT PROCESS B
G4PhysListFactory::GetReferencePhysList <QBBC>  EMoption= 0
<<< Reference Physics List QBBC 
<<< Reference Physics List QBBC is built

physics      QBBC          disable= inactivate= deactivate= doStochastics=1
                           fluct=1 minRangeCut=1 list=0 gammaToMuPair=0
                           spinTracking=0 synchrotronRadiation=0
                           synchrotronRadiationMuon=0 maxTime=1e+06
material GasLIGA Mixture: 1.00*He
                density=0.000 temperature=273 pressure=0.5
param        worldMaterial GasLIGA
beam    GAUSSIAN particle=gamma nEvents=1000000 firstEvent=-1 lastEvent=2147483647 beamX=0.0 beamY=0.0 beamZ=0.0 maxR=1000000.0 
		meanMomentum=0.0 weight=1.000000 
		sigmaX=0.0 sigmaY=0.0 sigmaZ=0.0 sigmaXp=0.00026 sigmaYp=0.00026 
		sigmaP=0.0 sigmaT=0.000 meanXp=0.00000 meanYp=0.00000 meanT=0.000 
reference                  particle=gamma beamX=0 beamY=0 beamZ=0 beamT=0
                           rotation= referenceMomentum=0.0053 beamXp=0
                           beamYp=0 meanMomentum=0.0053 meanXp=0 meanYp=0
                           tuneZ=-3.7e+21 tuneMomentum=-3.7e+21
                           tolerance=0.001 noEfield=0 noBfield=0 noEloss=0
                           P=0.0053
box          BeamVis       height=0.1 width=0.1 length=0.05 maxStep=100
                           material=Vacuum color=1,1,1 kill=0
place   BeamVis copies=1 x=0.0 y=0.0 z=0.0 
box          Gold          height=0.01 width=0.01 length=0.025 maxStep=100
                           material=Au color=1,1,0 kill=0
place   Gold    copies=1 x=0.0 y=0.0 z=1.0 
box          Mask          height=0.1 width=0.1 length=0.475 maxStep=100
                           material=C color=1,0,1 kill=0
place   Mask    copies=1 x=0.0 y=0.0 z=1.3 
material PMMA   Z=6.48 A=12.01
                density=1.170 temperature=273 pressure=1.0
detector     Det           radius=0 innerRadius=0 height=0.1 width=0.1
                           length=0.001 maxStep=100 material=PMMA birks=0
                           color=0,1,1 solid= noSingles=0 format= filename=
                           file= require= referenceParticle=0
                           coordinates=Local coord=Local kill=0 perTrack=0
place   Det     copies=1 x=0.0 y=0.0 z=1.5 rename='Det#'
label                      text=C 475 um.g4bl color=1,1,1 size=12
                           coordinates=global file= line=0

World size (before incrementing by 201.357 mm): 0.1 H  0.1 W  3.0 L

PARAMETERS:
            Zcl=1.4895
     deltaChord=3.0
deltaIntersection=0.1
   deltaOneStep=0.01
         epsMax=0.05
         epsMin=2.5e-7
 eventTimeLimit=30
    fieldVoxels=200,200,200
          first=0
      histoFile=0
    histoUpdate=10000000
           last=1000000
        maxStep=100.0
        minStep=0.01
 steppingFormat=TAG CL STEP VOL MAT PROCESS B
steppingVerbose=0
         viewer=none
 wallClockLimit=-1
  worldMaterial=GasLIGA
     zTolerance=2.0
Checking overlaps for volume BeamVis ... OK! 
BLCMDbox::Construct BeamVis parent= relZ=0.0 globZ=0.0
	zmin=-0.0 zmax=0.0
Checking overlaps for volume Gold ... OK! 
BLCMDbox::Construct Gold parent= relZ=1.0 globZ=1.0
	zmin=1.0 zmax=1.0
Checking overlaps for volume Mask ... OK! 
BLCMDbox::Construct Mask parent= relZ=1.3 globZ=1.3
	zmin=1.0 zmax=1.5
Checking overlaps for volume Det1 ... OK! 
BLCMDdetector::Construct Det1 parent= relZ=1.5 globZ=1.5
### Adding tracking cuts for neutron  TimeCut(ns)= 10000  KinEnergyCut(MeV)= 0

Geometry display:
World x=0.000 y=0.000 z=0.000
  BeamVis x=0.000 y=0.000 z=0.000
  Gold x=0.000 y=0.000 z=1.000
  Mask x=0.000 y=0.000 z=1.250
  Det1 x=0.000 y=0.000 z=1.489

Geometry test nPoints=1000 tolerance=0.000 mm:
Testing geometry for children of group 'World':
Total geometry errors = 0  0 seconds

================= Prepare Tune Particle(s) ===========
================= Begin Tune Particle(s) =============
Run complete  1 Events  0 seconds
================== Begin Reference Particle(s) ===============
Run complete  1 Events  0 seconds
================== Prepare Tracking Beam ==================
Stochastic processes are enabled.
================== Begin Tracking Beam ===============
Event 1 Completed  1 events  realTime=1 sec  1.0 ev/sec
Event 2 Completed  2 events  realTime=1 sec  2.0 ev/sec
Event 3 Completed  3 events  realTime=1 sec  3.0 ev/sec
Event 4 Completed  4 events  realTime=1 sec  4.0 ev/sec
Event 5 Completed  5 events  realTime=1 sec  5.0 ev/sec
Event 6 Completed  6 events  realTime=1 sec  6.0 ev/sec
Event 7 Completed  7 events  realTime=1 sec  7.0 ev/sec
Event 8 Completed  8 events  realTime=1 sec  8.0 ev/sec
Event 9 Completed  9 events  realTime=1 sec  9.0 ev/sec
Event 10 Completed  10 events  realTime=1 sec  10.0 ev/sec
Event 20 Completed  20 events  realTime=1 sec  20.0 ev/sec
Event 30 Completed  30 events  realTime=1 sec  30.0 ev/sec
Event 40 Completed  40 events  realTime=1 sec  40.0 ev/sec
Event 50 Completed  50 events  realTime=1 sec  50.0 ev/sec
Event 60 Completed  60 events  realTime=1 sec  60.0 ev/sec
Event 70 Completed  70 events  realTime=1 sec  70.0 ev/sec
Event 80 Completed  80 events  realTime=1 sec  80.0 ev/sec
Event 90 Completed  90 events  realTime=1 sec  90.0 ev/sec
Event 100 Completed  100 events  realTime=1 sec  100.0 ev/sec
Event 200 Completed  200 events  realTime=1 sec  200.0 ev/sec
Event 300 Completed  300 events  realTime=1 sec  300.0 ev/sec
Event 400 Completed  400 events  realTime=1 sec  400.0 ev/sec
Event 500 Completed  500 events  realTime=1 sec  500.0 ev/sec
Event 600 Completed  600 events  realTime=1 sec  600.0 ev/sec
Event 700 Completed  700 events  realTime=1 sec  700.0 ev/sec
Event 800 Completed  800 events  realTime=1 sec  800.0 ev/sec
Event 900 Completed  900 events  realTime=1 sec  900.0 ev/sec
Event 1000 Completed  1000 events  realTime=1 sec  1000.0 ev/sec
Event 2000 Completed  2000 events  realTime=1 sec  2000.0 ev/sec
Event 3000 Completed  3000 events  realTime=1 sec  3000.0 ev/sec
Event 4000 Completed  4000 events  realTime=1 sec  4000.0 ev/sec
Event 5000 Completed  5000 events  realTime=1 sec  5000.0 ev/sec
Event 6000 Completed  6000 events  realTime=1 sec  6000.0 ev/sec
Event 7000 Completed  7000 events  realTime=1 sec  7000.0 ev/sec
Event 8000 Completed  8000 events  realTime=1 sec  8000.0 ev/sec
Event 9000 Completed  9000 events  realTime=1 sec  9000.0 ev/sec
Event 10000 Completed  10000 events  realTime=1 sec  10000.0 ev/sec
Event 11000 Completed  11000 events  realTime=1 sec  11000.0 ev/sec
Event 12000 Completed  12000 events  realTime=1 sec  12000.0 ev/sec
Event 13000 Completed  13000 events  realTime=1 sec  13000.0 ev/sec
Event 14000 Completed  14000 events  realTime=1 sec  14000.0 ev/sec
Event 15000 Completed  15000 events  realTime=1 sec  15000.0 ev/sec
Event 16000 Completed  16000 events  realTime=1 sec  16000.0 ev/sec
Event 17000 Completed  17000 events  realTime=1 sec  17000.0 ev/sec
Event 18000 Completed  18000 events  realTime=1 sec  18000.0 ev/sec
Event 19000 Completed  19000 events  realTime=1 sec  19000.0 ev/sec
Event 20000 Completed  20000 events  realTime=1 sec  20000.0 ev/sec
Event 21000 Completed  21000 events  realTime=1 sec  21000.0 ev/sec
Event 22000 Completed  22000 events  realTime=1 sec  22000.0 ev/sec
Event 23000 Completed  23000 events  realTime=1 sec  23000.0 ev/sec
Event 24000 Completed  24000 events  realTime=1 sec  24000.0 ev/sec
Event 25000 Completed  25000 events  realTime=1 sec  25000.0 ev/sec
Event 26000 Completed  26000 events  realTime=1 sec  26000.0 ev/sec
Event 27000 Completed  27000 events  realTime=1 sec  27000.0 ev/sec
Event 28000 Completed  28000 events  realTime=1 sec  28000.0 ev/sec
Event 29000 Completed  29000 events  realTime=1 sec  29000.0 ev/sec
Event 30000 Completed  30000 events  realTime=1 sec  30000.0 ev/sec
Event 31000 Completed  31000 events  realTime=1 sec  31000.0 ev/sec
Event 32000 Completed  32000 events  realTime=1 sec  32000.0 ev/sec
Event 33000 Completed  33000 events  realTime=1 sec  33000.0 ev/sec
Event 34000 Completed  34000 events  realTime=1 sec  34000.0 ev/sec
Event 35000 Completed  35000 events  realTime=1 sec  35000.0 ev/sec
Event 36000 Completed  36000 events  realTime=1 sec  36000.0 ev/sec
Event 37000 Completed  37000 events  realTime=1 sec  37000.0 ev/sec
Event 38000 Completed  38000 events  realTime=1 sec  38000.0 ev/sec
Event 39000 Completed  39000 events  realTime=1 sec  39000.0 ev/sec
Event 40000 Completed  40000 events  realTime=1 sec  40000.0 ev/sec
Event 41000 Completed  41000 events  realTime=1 sec  41000.0 ev/sec
Event 42000 Completed  42000 events  realTime=1 sec  42000.0 ev/sec
Event 43000 Completed  43000 events  realTime=1 sec  43000.0 ev/sec
Event 44000 Completed  44000 events  realTime=1 sec  44000.0 ev/sec
Event 45000 Completed  45000 events  realTime=1 sec  45000.0 ev/sec
Event 46000 Completed  46000 events  realTime=1 sec  46000.0 ev/sec
Event 47000 Completed  47000 events  realTime=1 sec  47000.0 ev/sec
Event 48000 Completed  48000 events  realTime=1 sec  48000.0 ev/sec
Event 49000 Completed  49000 events  realTime=1 sec  49000.0 ev/sec
Event 50000 Completed  50000 events  realTime=1 sec  50000.0 ev/sec
Event 51000 Completed  51000 events  realTime=1 sec  51000.0 ev/sec
Event 52000 Completed  52000 events  realTime=1 sec  52000.0 ev/sec
Event 53000 Completed  53000 events  realTime=1 sec  53000.0 ev/sec
Event 54000 Completed  54000 events  realTime=1 sec  54000.0 ev/sec
Event 55000 Completed  55000 events  realTime=1 sec  55000.0 ev/sec
Event 56000 Completed  56000 events  realTime=1 sec  56000.0 ev/sec
Event 57000 Completed  57000 events  realTime=1 sec  57000.0 ev/sec
Event 58000 Completed  58000 events  realTime=1 sec  58000.0 ev/sec
Event 59000 Completed  59000 events  realTime=1 sec  59000.0 ev/sec
Event 60000 Completed  60000 events  realTime=1 sec  60000.0 ev/sec
Event 61000 Completed  61000 events  realTime=2 sec  30500.0 ev/sec
Event 62000 Completed  62000 events  realTime=2 sec  31000.0 ev/sec
Event 63000 Completed  63000 events  realTime=2 sec  31500.0 ev/sec
Event 64000 Completed  64000 events  realTime=2 sec  32000.0 ev/sec
Event 65000 Completed  65000 events  realTime=2 sec  32500.0 ev/sec
Event 66000 Completed  66000 events  realTime=2 sec  33000.0 ev/sec
Event 67000 Completed  67000 events  realTime=2 sec  33500.0 ev/sec
Event 68000 Completed  68000 events  realTime=2 sec  34000.0 ev/sec
Event 69000 Completed  69000 events  realTime=2 sec  34500.0 ev/sec
Event 70000 Completed  70000 events  realTime=2 sec  35000.0 ev/sec
Event 71000 Completed  71000 events  realTime=2 sec  35500.0 ev/sec
Event 72000 Completed  72000 events  realTime=2 sec  36000.0 ev/sec
Event 73000 Completed  73000 events  realTime=2 sec  36500.0 ev/sec
Event 74000 Completed  74000 events  realTime=2 sec  37000.0 ev/sec
Event 75000 Completed  75000 events  realTime=2 sec  37500.0 ev/sec
Event 76000 Completed  76000 events  realTime=2 sec  38000.0 ev/sec
Event 77000 Completed  77000 events  realTime=2 sec  38500.0 ev/sec
Event 78000 Completed  78000 events  realTime=2 sec  39000.0 ev/sec
Event 79000 Completed  79000 events  realTime=2 sec  39500.0 ev/sec
Event 80000 Completed  80000 events  realTime=2 sec  40000.0 ev/sec
Event 81000 Completed  81000 events  realTime=2 sec  40500.0 ev/sec
Event 82000 Completed  82000 events  realTime=2 sec  41000.0 ev/sec
Event 83000 Completed  83000 events  realTime=2 sec  41500.0 ev/sec
Event 84000 Completed  84000 events  realTime=2 sec  42000.0 ev/sec
Event 85000 Completed  85000 events  realTime=2 sec  42500.0 ev/sec
Event 86000 Completed  86000 events  realTime=2 sec  43000.0 ev/sec
Event 87000 Completed  87000 events  realTime=2 sec  43500.0 ev/sec
Event 88000 Completed  88000 events  realTime=2 sec  44000.0 ev/sec
Event 89000 Completed  89000 events  realTime=2 sec  44500.0 ev/sec
Event 90000 Completed  90000 events  realTime=2 sec  45000.0 ev/sec
Event 91000 Completed  91000 events  realTime=2 sec  45500.0 ev/sec
Event 92000 Completed  92000 events  realTime=2 sec  46000.0 ev/sec
Event 93000 Completed  93000 events  realTime=2 sec  46500.0 ev/sec
Event 94000 Completed  94000 events  realTime=2 sec  47000.0 ev/sec
Event 95000 Completed  95000 events  realTime=2 sec  47500.0 ev/sec
Event 96000 Completed  96000 events  realTime=2 sec  48000.0 ev/sec
Event 97000 Completed  97000 events  realTime=2 sec  48500.0 ev/sec
Event 98000 Completed  98000 events  realTime=2 sec  49000.0 ev/sec
Event 99000 Completed  99000 events  realTime=2 sec  49500.0 ev/sec
Event 100000 Completed  100000 events  realTime=2 sec  50000.0 ev/sec
Event 101000 Completed  101000 events  realTime=2 sec  50500.0 ev/sec
Event 102000 Completed  102000 events  realTime=2 sec  51000.0 ev/sec
Event 103000 Completed  103000 events  realTime=2 sec  51500.0 ev/sec
Event 104000 Completed  104000 events  realTime=2 sec  52000.0 ev/sec
Event 105000 Completed  105000 events  realTime=2 sec  52500.0 ev/sec
Event 106000 Completed  106000 events  realTime=2 sec  53000.0 ev/sec
Event 107000 Completed  107000 events  realTime=2 sec  53500.0 ev/sec
Event 108000 Completed  108000 events  realTime=2 sec  54000.0 ev/sec
Event 109000 Completed  109000 events  realTime=3 sec  36333.3 ev/sec
Event 110000 Completed  110000 events  realTime=3 sec  36666.7 ev/sec
Event 111000 Completed  111000 events  realTime=3 sec  37000.0 ev/sec
Event 112000 Completed  112000 events  realTime=3 sec  37333.3 ev/sec
Event 113000 Completed  113000 events  realTime=3 sec  37666.7 ev/sec
Event 114000 Completed  114000 events  realTime=3 sec  38000.0 ev/sec
Event 115000 Completed  115000 events  realTime=3 sec  38333.3 ev/sec
Event 116000 Completed  116000 events  realTime=3 sec  38666.7 ev/sec
Event 117000 Completed  117000 events  realTime=3 sec  39000.0 ev/sec
Event 118000 Completed  118000 events  realTime=3 sec  39333.3 ev/sec
Event 119000 Completed  119000 events  realTime=3 sec  39666.7 ev/sec
Event 120000 Completed  120000 events  realTime=3 sec  40000.0 ev/sec
Event 121000 Completed  121000 events  realTime=3 sec  40333.3 ev/sec
Event 122000 Completed  122000 events  realTime=3 sec  40666.7 ev/sec
Event 123000 Completed  123000 events  realTime=3 sec  41000.0 ev/sec
Event 124000 Completed  124000 events  realTime=3 sec  41333.3 ev/sec
Event 125000 Completed  125000 events  realTime=3 sec  41666.7 ev/sec
Event 126000 Completed  126000 events  realTime=3 sec  42000.0 ev/sec
Event 127000 Completed  127000 events  realTime=3 sec  42333.3 ev/sec
Event 128000 Completed  128000 events  realTime=3 sec  42666.7 ev/sec
Event 129000 Completed  129000 events  realTime=3 sec  43000.0 ev/sec
Event 130000 Completed  130000 events  realTime=3 sec  43333.3 ev/sec
Event 131000 Completed  131000 events  realTime=3 sec  43666.7 ev/sec
Event 132000 Completed  132000 events  realTime=3 sec  44000.0 ev/sec
Event 133000 Completed  133000 events  realTime=3 sec  44333.3 ev/sec
Event 134000 Completed  134000 events  realTime=3 sec  44666.7 ev/sec
Event 135000 Completed  135000 events  realTime=3 sec  45000.0 ev/sec
Event 136000 Completed  136000 events  realTime=3 sec  45333.3 ev/sec
Event 137000 Completed  137000 events  realTime=3 sec  45666.7 ev/sec
Event 138000 Completed  138000 events  realTime=3 sec  46000.0 ev/sec
Event 139000 Completed  139000 events  realTime=3 sec  46333.3 ev/sec
Event 140000 Completed  140000 events  realTime=3 sec  46666.7 ev/sec
Event 141000 Completed  141000 events  realTime=3 sec  47000.0 ev/sec
Event 142000 Completed  142000 events  realTime=3 sec  47333.3 ev/sec
Event 143000 Completed  143000 events  realTime=3 sec  47666.7 ev/sec
Event 144000 Completed  144000 events  realTime=3 sec  48000.0 ev/sec
Event 145000 Completed  145000 events  realTime=3 sec  48333.3 ev/sec
Event 146000 Completed  146000 events  realTime=3 sec  48666.7 ev/sec
Event 147000 Completed  147000 events  realTime=3 sec  49000.0 ev/sec
Event 148000 Completed  148000 events  realTime=3 sec  49333.3 ev/sec
Event 149000 Completed  149000 events  realTime=3 sec  49666.7 ev/sec
Event 150000 Completed  150000 events  realTime=3 sec  50000.0 ev/sec
Event 151000 Completed  151000 events  realTime=3 sec  50333.3 ev/sec
Event 152000 Completed  152000 events  realTime=3 sec  50666.7 ev/sec
Event 153000 Completed  153000 events  realTime=3 sec  51000.0 ev/sec
Event 154000 Completed  154000 events  realTime=3 sec  51333.3 ev/sec
Event 155000 Completed  155000 events  realTime=3 sec  51666.7 ev/sec
Event 156000 Completed  156000 events  realTime=3 sec  52000.0 ev/sec
Event 157000 Completed  157000 events  realTime=3 sec  52333.3 ev/sec
Event 158000 Completed  158000 events  realTime=4 sec  39500.0 ev/sec
Event 159000 Completed  159000 events  realTime=4 sec  39750.0 ev/sec
Event 160000 Completed  160000 events  realTime=4 sec  40000.0 ev/sec
Event 161000 Completed  161000 events  realTime=4 sec  40250.0 ev/sec
Event 162000 Completed  162000 events  realTime=4 sec  40500.0 ev/sec
Event 163000 Completed  163000 events  realTime=4 sec  40750.0 ev/sec
Event 164000 Completed  164000 events  realTime=4 sec  41000.0 ev/sec
Event 165000 Completed  165000 events  realTime=4 sec  41250.0 ev/sec
Event 166000 Completed  166000 events  realTime=4 sec  41500.0 ev/sec
Event 167000 Completed  167000 events  realTime=4 sec  41750.0 ev/sec
Event 168000 Completed  168000 events  realTime=4 sec  42000.0 ev/sec
Event 169000 Completed  169000 events  realTime=4 sec  42250.0 ev/sec
Event 170000 Completed  170000 events  realTime=4 sec  42500.0 ev/sec
Event 171000 Completed  171000 events  realTime=4 sec  42750.0 ev/sec
Event 172000 Completed  172000 events  realTime=4 sec  43000.0 ev/sec
Event 173000 Completed  173000 events  realTime=4 sec  43250.0 ev/sec
Event 174000 Completed  174000 events  realTime=4 sec  43500.0 ev/sec
Event 175000 Completed  175000 events  realTime=4 sec  43750.0 ev/sec
Event 176000 Completed  176000 events  realTime=4 sec  44000.0 ev/sec
Event 177000 Completed  177000 events  realTime=4 sec  44250.0 ev/sec
Event 178000 Completed  178000 events  realTime=4 sec  44500.0 ev/sec
Event 179000 Completed  179000 events  realTime=4 sec  44750.0 ev/sec
Event 180000 Completed  180000 events  realTime=4 sec  45000.0 ev/sec
Event 181000 Completed  181000 events  realTime=4 sec  45250.0 ev/sec
Event 182000 Completed  182000 events  realTime=4 sec  45500.0 ev/sec
Event 183000 Completed  183000 events  realTime=4 sec  45750.0 ev/sec
Event 184000 Completed  184000 events  realTime=4 sec  46000.0 ev/sec
Event 185000 Completed  185000 events  realTime=4 sec  46250.0 ev/sec
Event 186000 Completed  186000 events  realTime=4 sec  46500.0 ev/sec
Event 187000 Completed  187000 events  realTime=4 sec  46750.0 ev/sec
Event 188000 Completed  188000 events  realTime=4 sec  47000.0 ev/sec
Event 189000 Completed  189000 events  realTime=4 sec  47250.0 ev/sec
Event 190000 Completed  190000 events  realTime=4 sec  47500.0 ev/sec
Event 191000 Completed  191000 events  realTime=4 sec  47750.0 ev/sec
Event 192000 Completed  192000 events  realTime=4 sec  48000.0 ev/sec
Event 193000 Completed  193000 events  realTime=4 sec  48250.0 ev/sec
Event 194000 Completed  194000 events  realTime=4 sec  48500.0 ev/sec
Event 195000 Completed  195000 events  realTime=4 sec  48750.0 ev/sec
Event 196000 Completed  196000 events  realTime=4 sec  49000.0 ev/sec
Event 197000 Completed  197000 events  realTime=4 sec  49250.0 ev/sec
Event 198000 Completed  198000 events  realTime=4 sec  49500.0 ev/sec
Event 199000 Completed  199000 events  realTime=4 sec  49750.0 ev/sec
Event 200000 Completed  200000 events  realTime=4 sec  50000.0 ev/sec
Event 201000 Completed  201000 events  realTime=4 sec  50250.0 ev/sec
Event 202000 Completed  202000 events  realTime=4 sec  50500.0 ev/sec
Event 203000 Completed  203000 events  realTime=4 sec  50750.0 ev/sec
Event 204000 Completed  204000 events  realTime=4 sec  51000.0 ev/sec
Event 205000 Completed  205000 events  realTime=4 sec  51250.0 ev/sec
Event 206000 Completed  206000 events  realTime=4 sec  51500.0 ev/sec
Event 207000 Completed  207000 events  realTime=5 sec  41400.0 ev/sec
Event 208000 Completed  208000 events  realTime=5 sec  41600.0 ev/sec
Event 209000 Completed  209000 events  realTime=5 sec  41800.0 ev/sec
Event 210000 Completed  210000 events  realTime=5 sec  42000.0 ev/sec
Event 211000 Completed  211000 events  realTime=5 sec  42200.0 ev/sec
Event 212000 Completed  212000 events  realTime=5 sec  42400.0 ev/sec
Event 213000 Completed  213000 events  realTime=5 sec  42600.0 ev/sec
Event 214000 Completed  214000 events  realTime=5 sec  42800.0 ev/sec
Event 215000 Completed  215000 events  realTime=5 sec  43000.0 ev/sec
Event 216000 Completed  216000 events  realTime=5 sec  43200.0 ev/sec
Event 217000 Completed  217000 events  realTime=5 sec  43400.0 ev/sec
Event 218000 Completed  218000 events  realTime=5 sec  43600.0 ev/sec
Event 219000 Completed  219000 events  realTime=5 sec  43800.0 ev/sec
Event 220000 Completed  220000 events  realTime=5 sec  44000.0 ev/sec
Event 221000 Completed  221000 events  realTime=5 sec  44200.0 ev/sec
Event 222000 Completed  222000 events  realTime=5 sec  44400.0 ev/sec
Event 223000 Completed  223000 events  realTime=5 sec  44600.0 ev/sec
Event 224000 Completed  224000 events  realTime=5 sec  44800.0 ev/sec
Event 225000 Completed  225000 events  realTime=5 sec  45000.0 ev/sec
Event 226000 Completed  226000 events  realTime=5 sec  45200.0 ev/sec
Event 227000 Completed  227000 events  realTime=5 sec  45400.0 ev/sec
Event 228000 Completed  228000 events  realTime=5 sec  45600.0 ev/sec
Event 229000 Completed  229000 events  realTime=5 sec  45800.0 ev/sec
Event 230000 Completed  230000 events  realTime=5 sec  46000.0 ev/sec
Event 231000 Completed  231000 events  realTime=5 sec  46200.0 ev/sec
Event 232000 Completed  232000 events  realTime=5 sec  46400.0 ev/sec
Event 233000 Completed  233000 events  realTime=5 sec  46600.0 ev/sec
Event 234000 Completed  234000 events  realTime=5 sec  46800.0 ev/sec
Event 235000 Completed  235000 events  realTime=5 sec  47000.0 ev/sec
Event 236000 Completed  236000 events  realTime=5 sec  47200.0 ev/sec
Event 237000 Completed  237000 events  realTime=5 sec  47400.0 ev/sec
Event 238000 Completed  238000 events  realTime=5 sec  47600.0 ev/sec
Event 239000 Completed  239000 events  realTime=5 sec  47800.0 ev/sec
Event 240000 Completed  240000 events  realTime=5 sec  48000.0 ev/sec
Event 241000 Completed  241000 events  realTime=5 sec  48200.0 ev/sec
Event 242000 Completed  242000 events  realTime=5 sec  48400.0 ev/sec
Event 243000 Completed  243000 events  realTime=5 sec  48600.0 ev/sec
Event 244000 Completed  244000 events  realTime=5 sec  48800.0 ev/sec
Event 245000 Completed  245000 events  realTime=5 sec  49000.0 ev/sec
Event 246000 Completed  246000 events  realTime=5 sec  49200.0 ev/sec
Event 247000 Completed  247000 events  realTime=5 sec  49400.0 ev/sec
Event 248000 Completed  248000 events  realTime=5 sec  49600.0 ev/sec
Event 249000 Completed  249000 events  realTime=5 sec  49800.0 ev/sec
Event 250000 Completed  250000 events  realTime=5 sec  50000.0 ev/sec
Event 251000 Completed  251000 events  realTime=5 sec  50200.0 ev/sec
Event 252000 Completed  252000 events  realTime=5 sec  50400.0 ev/sec
Event 253000 Completed  253000 events  realTime=5 sec  50600.0 ev/sec
Event 254000 Completed  254000 events  realTime=5 sec  50800.0 ev/sec
Event 255000 Completed  255000 events  realTime=5 sec  51000.0 ev/sec
Event 256000 Completed  256000 events  realTime=5 sec  51200.0 ev/sec
Event 257000 Completed  257000 events  realTime=6 sec  42833.3 ev/sec
Event 258000 Completed  258000 events  realTime=6 sec  43000.0 ev/sec
Event 259000 Completed  259000 events  realTime=6 sec  43166.7 ev/sec
Event 260000 Completed  260000 events  realTime=6 sec  43333.3 ev/sec
Event 261000 Completed  261000 events  realTime=6 sec  43500.0 ev/sec
Event 262000 Completed  262000 events  realTime=6 sec  43666.7 ev/sec
Event 263000 Completed  263000 events  realTime=6 sec  43833.3 ev/sec
Event 264000 Completed  264000 events  realTime=6 sec  44000.0 ev/sec
Event 265000 Completed  265000 events  realTime=6 sec  44166.7 ev/sec
Event 266000 Completed  266000 events  realTime=6 sec  44333.3 ev/sec
Event 267000 Completed  267000 events  realTime=6 sec  44500.0 ev/sec
Event 268000 Completed  268000 events  realTime=6 sec  44666.7 ev/sec
Event 269000 Completed  269000 events  realTime=6 sec  44833.3 ev/sec
Event 270000 Completed  270000 events  realTime=6 sec  45000.0 ev/sec
Event 271000 Completed  271000 events  realTime=6 sec  45166.7 ev/sec
Event 272000 Completed  272000 events  realTime=6 sec  45333.3 ev/sec
Event 273000 Completed  273000 events  realTime=6 sec  45500.0 ev/sec
Event 274000 Completed  274000 events  realTime=6 sec  45666.7 ev/sec
Event 275000 Completed  275000 events  realTime=6 sec  45833.3 ev/sec
Event 276000 Completed  276000 events  realTime=6 sec  46000.0 ev/sec
Event 277000 Completed  277000 events  realTime=6 sec  46166.7 ev/sec
Event 278000 Completed  278000 events  realTime=6 sec  46333.3 ev/sec
Event 279000 Completed  279000 events  realTime=6 sec  46500.0 ev/sec
Event 280000 Completed  280000 events  realTime=6 sec  46666.7 ev/sec
Event 281000 Completed  281000 events  realTime=6 sec  46833.3 ev/sec
Event 282000 Completed  282000 events  realTime=6 sec  47000.0 ev/sec
Event 283000 Completed  283000 events  realTime=6 sec  47166.7 ev/sec
Event 284000 Completed  284000 events  realTime=6 sec  47333.3 ev/sec
Event 285000 Completed  285000 events  realTime=6 sec  47500.0 ev/sec
Event 286000 Completed  286000 events  realTime=6 sec  47666.7 ev/sec
Event 287000 Completed  287000 events  realTime=6 sec  47833.3 ev/sec
Event 288000 Completed  288000 events  realTime=6 sec  48000.0 ev/sec
Event 289000 Completed  289000 events  realTime=6 sec  48166.7 ev/sec
Event 290000 Completed  290000 events  realTime=6 sec  48333.3 ev/sec
Event 291000 Completed  291000 events  realTime=6 sec  48500.0 ev/sec
Event 292000 Completed  292000 events  realTime=6 sec  48666.7 ev/sec
Event 293000 Completed  293000 events  realTime=6 sec  48833.3 ev/sec
Event 294000 Completed  294000 events  realTime=6 sec  49000.0 ev/sec
Event 295000 Completed  295000 events  realTime=6 sec  49166.7 ev/sec
Event 296000 Completed  296000 events  realTime=6 sec  49333.3 ev/sec
Event 297000 Completed  297000 events  realTime=6 sec  49500.0 ev/sec
Event 298000 Completed  298000 events  realTime=6 sec  49666.7 ev/sec
Event 299000 Completed  299000 events  realTime=6 sec  49833.3 ev/sec
Event 300000 Completed  300000 events  realTime=6 sec  50000.0 ev/sec
Event 301000 Completed  301000 events  realTime=6 sec  50166.7 ev/sec
Event 302000 Completed  302000 events  realTime=6 sec  50333.3 ev/sec
Event 303000 Completed  303000 events  realTime=6 sec  50500.0 ev/sec
Event 304000 Completed  304000 events  realTime=6 sec  50666.7 ev/sec
Event 305000 Completed  305000 events  realTime=7 sec  43571.4 ev/sec
Event 306000 Completed  306000 events  realTime=7 sec  43714.3 ev/sec
Event 307000 Completed  307000 events  realTime=7 sec  43857.1 ev/sec
Event 308000 Completed  308000 events  realTime=7 sec  44000.0 ev/sec
Event 309000 Completed  309000 events  realTime=7 sec  44142.9 ev/sec
Event 310000 Completed  310000 events  realTime=7 sec  44285.7 ev/sec
Event 311000 Completed  311000 events  realTime=7 sec  44428.6 ev/sec
Event 312000 Completed  312000 events  realTime=7 sec  44571.4 ev/sec
Event 313000 Completed  313000 events  realTime=7 sec  44714.3 ev/sec
Event 314000 Completed  314000 events  realTime=7 sec  44857.1 ev/sec
Event 315000 Completed  315000 events  realTime=7 sec  45000.0 ev/sec
Event 316000 Completed  316000 events  realTime=7 sec  45142.9 ev/sec
Event 317000 Completed  317000 events  realTime=7 sec  45285.7 ev/sec
Event 318000 Completed  318000 events  realTime=7 sec  45428.6 ev/sec
Event 319000 Completed  319000 events  realTime=7 sec  45571.4 ev/sec
Event 320000 Completed  320000 events  realTime=7 sec  45714.3 ev/sec
Event 321000 Completed  321000 events  realTime=7 sec  45857.1 ev/sec
Event 322000 Completed  322000 events  realTime=7 sec  46000.0 ev/sec
Event 323000 Completed  323000 events  realTime=7 sec  46142.9 ev/sec
Event 324000 Completed  324000 events  realTime=7 sec  46285.7 ev/sec
Event 325000 Completed  325000 events  realTime=7 sec  46428.6 ev/sec
Event 326000 Completed  326000 events  realTime=7 sec  46571.4 ev/sec
Event 327000 Completed  327000 events  realTime=7 sec  46714.3 ev/sec
Event 328000 Completed  328000 events  realTime=7 sec  46857.1 ev/sec
Event 329000 Completed  329000 events  realTime=7 sec  47000.0 ev/sec
Event 330000 Completed  330000 events  realTime=7 sec  47142.9 ev/sec
Event 331000 Completed  331000 events  realTime=7 sec  47285.7 ev/sec
Event 332000 Completed  332000 events  realTime=7 sec  47428.6 ev/sec
Event 333000 Completed  333000 events  realTime=7 sec  47571.4 ev/sec
Event 334000 Completed  334000 events  realTime=7 sec  47714.3 ev/sec
Event 335000 Completed  335000 events  realTime=7 sec  47857.1 ev/sec
Event 336000 Completed  336000 events  realTime=7 sec  48000.0 ev/sec
Event 337000 Completed  337000 events  realTime=7 sec  48142.9 ev/sec
Event 338000 Completed  338000 events  realTime=7 sec  48285.7 ev/sec
Event 339000 Completed  339000 events  realTime=7 sec  48428.6 ev/sec
Event 340000 Completed  340000 events  realTime=7 sec  48571.4 ev/sec
Event 341000 Completed  341000 events  realTime=7 sec  48714.3 ev/sec
Event 342000 Completed  342000 events  realTime=7 sec  48857.1 ev/sec
Event 343000 Completed  343000 events  realTime=7 sec  49000.0 ev/sec
Event 344000 Completed  344000 events  realTime=7 sec  49142.9 ev/sec
Event 345000 Completed  345000 events  realTime=7 sec  49285.7 ev/sec
Event 346000 Completed  346000 events  realTime=7 sec  49428.6 ev/sec
Event 347000 Completed  347000 events  realTime=7 sec  49571.4 ev/sec
Event 348000 Completed  348000 events  realTime=7 sec  49714.3 ev/sec
Event 349000 Completed  349000 events  realTime=7 sec  49857.1 ev/sec
Event 350000 Completed  350000 events  realTime=7 sec  50000.0 ev/sec
Event 351000 Completed  351000 events  realTime=7 sec  50142.9 ev/sec
Event 352000 Completed  352000 events  realTime=7 sec  50285.7 ev/sec
Event 353000 Completed  353000 events  realTime=7 sec  50428.6 ev/sec
Event 354000 Completed  354000 events  realTime=7 sec  50571.4 ev/sec
Event 355000 Completed  355000 events  realTime=7 sec  50714.3 ev/sec
Event 356000 Completed  356000 events  realTime=8 sec  44500.0 ev/sec
Event 357000 Completed  357000 events  realTime=8 sec  44625.0 ev/sec
Event 358000 Completed  358000 events  realTime=8 sec  44750.0 ev/sec
Event 359000 Completed  359000 events  realTime=8 sec  44875.0 ev/sec
Event 360000 Completed  360000 events  realTime=8 sec  45000.0 ev/sec
Event 361000 Completed  361000 events  realTime=8 sec  45125.0 ev/sec
Event 362000 Completed  362000 events  realTime=8 sec  45250.0 ev/sec
Event 363000 Completed  363000 events  realTime=8 sec  45375.0 ev/sec
Event 364000 Completed  364000 events  realTime=8 sec  45500.0 ev/sec
Event 365000 Completed  365000 events  realTime=8 sec  45625.0 ev/sec
Event 366000 Completed  366000 events  realTime=8 sec  45750.0 ev/sec
Event 367000 Completed  367000 events  realTime=8 sec  45875.0 ev/sec
Event 368000 Completed  368000 events  realTime=8 sec  46000.0 ev/sec
Event 369000 Completed  369000 events  realTime=8 sec  46125.0 ev/sec
Event 370000 Completed  370000 events  realTime=8 sec  46250.0 ev/sec
Event 371000 Completed  371000 events  realTime=8 sec  46375.0 ev/sec
Event 372000 Completed  372000 events  realTime=8 sec  46500.0 ev/sec
Event 373000 Completed  373000 events  realTime=8 sec  46625.0 ev/sec
Event 374000 Completed  374000 events  realTime=8 sec  46750.0 ev/sec
Event 375000 Completed  375000 events  realTime=8 sec  46875.0 ev/sec
Event 376000 Completed  376000 events  realTime=8 sec  47000.0 ev/sec
Event 377000 Completed  377000 events  realTime=8 sec  47125.0 ev/sec
Event 378000 Completed  378000 events  realTime=8 sec  47250.0 ev/sec
Event 379000 Completed  379000 events  realTime=8 sec  47375.0 ev/sec
Event 380000 Completed  380000 events  realTime=8 sec  47500.0 ev/sec
Event 381000 Completed  381000 events  realTime=8 sec  47625.0 ev/sec
Event 382000 Completed  382000 events  realTime=8 sec  47750.0 ev/sec
Event 383000 Completed  383000 events  realTime=8 sec  47875.0 ev/sec
Event 384000 Completed  384000 events  realTime=8 sec  48000.0 ev/sec
Event 385000 Completed  385000 events  realTime=8 sec  48125.0 ev/sec
Event 386000 Completed  386000 events  realTime=8 sec  48250.0 ev/sec
Event 387000 Completed  387000 events  realTime=8 sec  48375.0 ev/sec
Event 388000 Completed  388000 events  realTime=8 sec  48500.0 ev/sec
Event 389000 Completed  389000 events  realTime=8 sec  48625.0 ev/sec
Event 390000 Completed  390000 events  realTime=8 sec  48750.0 ev/sec
Event 391000 Completed  391000 events  realTime=8 sec  48875.0 ev/sec
Event 392000 Completed  392000 events  realTime=8 sec  49000.0 ev/sec
Event 393000 Completed  393000 events  realTime=8 sec  49125.0 ev/sec
Event 394000 Completed  394000 events  realTime=8 sec  49250.0 ev/sec
Event 395000 Completed  395000 events  realTime=8 sec  49375.0 ev/sec
Event 396000 Completed  396000 events  realTime=8 sec  49500.0 ev/sec
Event 397000 Completed  397000 events  realTime=8 sec  49625.0 ev/sec
Event 398000 Completed  398000 events  realTime=8 sec  49750.0 ev/sec
Event 399000 Completed  399000 events  realTime=8 sec  49875.0 ev/sec
Event 400000 Completed  400000 events  realTime=8 sec  50000.0 ev/sec
Event 401000 Completed  401000 events  realTime=8 sec  50125.0 ev/sec
Event 402000 Completed  402000 events  realTime=8 sec  50250.0 ev/sec
Event 403000 Completed  403000 events  realTime=8 sec  50375.0 ev/sec
Event 404000 Completed  404000 events  realTime=8 sec  50500.0 ev/sec
Event 405000 Completed  405000 events  realTime=9 sec  45000.0 ev/sec
Event 406000 Completed  406000 events  realTime=9 sec  45111.1 ev/sec
Event 407000 Completed  407000 events  realTime=9 sec  45222.2 ev/sec
Event 408000 Completed  408000 events  realTime=9 sec  45333.3 ev/sec
Event 409000 Completed  409000 events  realTime=9 sec  45444.4 ev/sec
Event 410000 Completed  410000 events  realTime=9 sec  45555.6 ev/sec
Event 411000 Completed  411000 events  realTime=9 sec  45666.7 ev/sec
Event 412000 Completed  412000 events  realTime=9 sec  45777.8 ev/sec
Event 413000 Completed  413000 events  realTime=9 sec  45888.9 ev/sec
Event 414000 Completed  414000 events  realTime=9 sec  46000.0 ev/sec
Event 415000 Completed  415000 events  realTime=9 sec  46111.1 ev/sec
Event 416000 Completed  416000 events  realTime=9 sec  46222.2 ev/sec
Event 417000 Completed  417000 events  realTime=9 sec  46333.3 ev/sec
Event 418000 Completed  418000 events  realTime=9 sec  46444.4 ev/sec
Event 419000 Completed  419000 events  realTime=9 sec  46555.6 ev/sec
Event 420000 Completed  420000 events  realTime=9 sec  46666.7 ev/sec
Event 421000 Completed  421000 events  realTime=9 sec  46777.8 ev/sec
Event 422000 Completed  422000 events  realTime=9 sec  46888.9 ev/sec
Event 423000 Completed  423000 events  realTime=9 sec  47000.0 ev/sec
Event 424000 Completed  424000 events  realTime=9 sec  47111.1 ev/sec
Event 425000 Completed  425000 events  realTime=9 sec  47222.2 ev/sec
Event 426000 Completed  426000 events  realTime=9 sec  47333.3 ev/sec
Event 427000 Completed  427000 events  realTime=9 sec  47444.4 ev/sec
Event 428000 Completed  428000 events  realTime=9 sec  47555.6 ev/sec
Event 429000 Completed  429000 events  realTime=9 sec  47666.7 ev/sec
Event 430000 Completed  430000 events  realTime=9 sec  47777.8 ev/sec
Event 431000 Completed  431000 events  realTime=9 sec  47888.9 ev/sec
Event 432000 Completed  432000 events  realTime=9 sec  48000.0 ev/sec
Event 433000 Completed  433000 events  realTime=9 sec  48111.1 ev/sec
Event 434000 Completed  434000 events  realTime=9 sec  48222.2 ev/sec
Event 435000 Completed  435000 events  realTime=9 sec  48333.3 ev/sec
Event 436000 Completed  436000 events  realTime=9 sec  48444.4 ev/sec
Event 437000 Completed  437000 events  realTime=9 sec  48555.6 ev/sec
Event 438000 Completed  438000 events  realTime=9 sec  48666.7 ev/sec
Event 439000 Completed  439000 events  realTime=9 sec  48777.8 ev/sec
Event 440000 Completed  440000 events  realTime=9 sec  48888.9 ev/sec
Event 441000 Completed  441000 events  realTime=9 sec  49000.0 ev/sec
Event 442000 Completed  442000 events  realTime=9 sec  49111.1 ev/sec
Event 443000 Completed  443000 events  realTime=9 sec  49222.2 ev/sec
Event 444000 Completed  444000 events  realTime=9 sec  49333.3 ev/sec
Event 445000 Completed  445000 events  realTime=9 sec  49444.4 ev/sec
Event 446000 Completed  446000 events  realTime=9 sec  49555.6 ev/sec
Event 447000 Completed  447000 events  realTime=9 sec  49666.7 ev/sec
Event 448000 Completed  448000 events  realTime=9 sec  49777.8 ev/sec
Event 449000 Completed  449000 events  realTime=9 sec  49888.9 ev/sec
Event 450000 Completed  450000 events  realTime=9 sec  50000.0 ev/sec
Event 451000 Completed  451000 events  realTime=9 sec  50111.1 ev/sec
Event 452000 Completed  452000 events  realTime=9 sec  50222.2 ev/sec
Event 453000 Completed  453000 events  realTime=9 sec  50333.3 ev/sec
Event 454000 Completed  454000 events  realTime=10 sec  45400.0 ev/sec
Event 455000 Completed  455000 events  realTime=10 sec  45500.0 ev/sec
Event 456000 Completed  456000 events  realTime=10 sec  45600.0 ev/sec
Event 457000 Completed  457000 events  realTime=10 sec  45700.0 ev/sec
Event 458000 Completed  458000 events  realTime=10 sec  45800.0 ev/sec
Event 459000 Completed  459000 events  realTime=10 sec  45900.0 ev/sec
Event 460000 Completed  460000 events  realTime=10 sec  46000.0 ev/sec
Event 461000 Completed  461000 events  realTime=10 sec  46100.0 ev/sec
Event 462000 Completed  462000 events  realTime=10 sec  46200.0 ev/sec
Event 463000 Completed  463000 events  realTime=10 sec  46300.0 ev/sec
Event 464000 Completed  464000 events  realTime=10 sec  46400.0 ev/sec
Event 465000 Completed  465000 events  realTime=10 sec  46500.0 ev/sec
Event 466000 Completed  466000 events  realTime=10 sec  46600.0 ev/sec
Event 467000 Completed  467000 events  realTime=10 sec  46700.0 ev/sec
Event 468000 Completed  468000 events  realTime=10 sec  46800.0 ev/sec
Event 469000 Completed  469000 events  realTime=10 sec  46900.0 ev/sec
Event 470000 Completed  470000 events  realTime=10 sec  47000.0 ev/sec
Event 471000 Completed  471000 events  realTime=10 sec  47100.0 ev/sec
Event 472000 Completed  472000 events  realTime=10 sec  47200.0 ev/sec
Event 473000 Completed  473000 events  realTime=10 sec  47300.0 ev/sec
Event 474000 Completed  474000 events  realTime=10 sec  47400.0 ev/sec
Event 475000 Completed  475000 events  realTime=10 sec  47500.0 ev/sec
Event 476000 Completed  476000 events  realTime=10 sec  47600.0 ev/sec
Event 477000 Completed  477000 events  realTime=10 sec  47700.0 ev/sec
Event 478000 Completed  478000 events  realTime=10 sec  47800.0 ev/sec
Event 479000 Completed  479000 events  realTime=10 sec  47900.0 ev/sec
Event 480000 Completed  480000 events  realTime=10 sec  48000.0 ev/sec
Event 481000 Completed  481000 events  realTime=10 sec  48100.0 ev/sec
Event 482000 Completed  482000 events  realTime=10 sec  48200.0 ev/sec
Event 483000 Completed  483000 events  realTime=10 sec  48300.0 ev/sec
Event 484000 Completed  484000 events  realTime=10 sec  48400.0 ev/sec
Event 485000 Completed  485000 events  realTime=10 sec  48500.0 ev/sec
Event 486000 Completed  486000 events  realTime=10 sec  48600.0 ev/sec
Event 487000 Completed  487000 events  realTime=10 sec  48700.0 ev/sec
Event 488000 Completed  488000 events  realTime=10 sec  48800.0 ev/sec
Event 489000 Completed  489000 events  realTime=10 sec  48900.0 ev/sec
Event 490000 Completed  490000 events  realTime=10 sec  49000.0 ev/sec
Event 491000 Completed  491000 events  realTime=10 sec  49100.0 ev/sec
Event 492000 Completed  492000 events  realTime=10 sec  49200.0 ev/sec
Event 493000 Completed  493000 events  realTime=10 sec  49300.0 ev/sec
Event 494000 Completed  494000 events  realTime=10 sec  49400.0 ev/sec
Event 495000 Completed  495000 events  realTime=10 sec  49500.0 ev/sec
Event 496000 Completed  496000 events  realTime=10 sec  49600.0 ev/sec
Event 497000 Completed  497000 events  realTime=10 sec  49700.0 ev/sec
Event 498000 Completed  498000 events  realTime=10 sec  49800.0 ev/sec
Event 499000 Completed  499000 events  realTime=10 sec  49900.0 ev/sec
Event 500000 Completed  500000 events  realTime=10 sec  50000.0 ev/sec
Event 501000 Completed  501000 events  realTime=10 sec  50100.0 ev/sec
Event 502000 Completed  502000 events  realTime=10 sec  50200.0 ev/sec
Event 503000 Completed  503000 events  realTime=11 sec  45727.3 ev/sec
Event 504000 Completed  504000 events  realTime=11 sec  45818.2 ev/sec
Event 505000 Completed  505000 events  realTime=11 sec  45909.1 ev/sec
Event 506000 Completed  506000 events  realTime=11 sec  46000.0 ev/sec
Event 507000 Completed  507000 events  realTime=11 sec  46090.9 ev/sec
Event 508000 Completed  508000 events  realTime=11 sec  46181.8 ev/sec
Event 509000 Completed  509000 events  realTime=11 sec  46272.7 ev/sec
Event 510000 Completed  510000 events  realTime=11 sec  46363.6 ev/sec
Event 511000 Completed  511000 events  realTime=11 sec  46454.5 ev/sec
Event 512000 Completed  512000 events  realTime=11 sec  46545.5 ev/sec
Event 513000 Completed  513000 events  realTime=11 sec  46636.4 ev/sec
Event 514000 Completed  514000 events  realTime=11 sec  46727.3 ev/sec
Event 515000 Completed  515000 events  realTime=11 sec  46818.2 ev/sec
Event 516000 Completed  516000 events  realTime=11 sec  46909.1 ev/sec
Event 517000 Completed  517000 events  realTime=11 sec  47000.0 ev/sec
Event 518000 Completed  518000 events  realTime=11 sec  47090.9 ev/sec
Event 519000 Completed  519000 events  realTime=11 sec  47181.8 ev/sec
Event 520000 Completed  520000 events  realTime=11 sec  47272.7 ev/sec
Event 521000 Completed  521000 events  realTime=11 sec  47363.6 ev/sec
Event 522000 Completed  522000 events  realTime=11 sec  47454.5 ev/sec
Event 523000 Completed  523000 events  realTime=11 sec  47545.5 ev/sec
Event 524000 Completed  524000 events  realTime=11 sec  47636.4 ev/sec
Event 525000 Completed  525000 events  realTime=11 sec  47727.3 ev/sec
Event 526000 Completed  526000 events  realTime=11 sec  47818.2 ev/sec
Event 527000 Completed  527000 events  realTime=11 sec  47909.1 ev/sec
Event 528000 Completed  528000 events  realTime=11 sec  48000.0 ev/sec
Event 529000 Completed  529000 events  realTime=11 sec  48090.9 ev/sec
Event 530000 Completed  530000 events  realTime=11 sec  48181.8 ev/sec
Event 531000 Completed  531000 events  realTime=11 sec  48272.7 ev/sec
Event 532000 Completed  532000 events  realTime=11 sec  48363.6 ev/sec
Event 533000 Completed  533000 events  realTime=11 sec  48454.5 ev/sec
Event 534000 Completed  534000 events  realTime=11 sec  48545.5 ev/sec
Event 535000 Completed  535000 events  realTime=11 sec  48636.4 ev/sec
Event 536000 Completed  536000 events  realTime=11 sec  48727.3 ev/sec
Event 537000 Completed  537000 events  realTime=11 sec  48818.2 ev/sec
Event 538000 Completed  538000 events  realTime=11 sec  48909.1 ev/sec
Event 539000 Completed  539000 events  realTime=11 sec  49000.0 ev/sec
Event 540000 Completed  540000 events  realTime=11 sec  49090.9 ev/sec
Event 541000 Completed  541000 events  realTime=11 sec  49181.8 ev/sec
Event 542000 Completed  542000 events  realTime=11 sec  49272.7 ev/sec
Event 543000 Completed  543000 events  realTime=11 sec  49363.6 ev/sec
Event 544000 Completed  544000 events  realTime=11 sec  49454.5 ev/sec
Event 545000 Completed  545000 events  realTime=11 sec  49545.5 ev/sec
Event 546000 Completed  546000 events  realTime=11 sec  49636.4 ev/sec
Event 547000 Completed  547000 events  realTime=11 sec  49727.3 ev/sec
Event 548000 Completed  548000 events  realTime=11 sec  49818.2 ev/sec
Event 549000 Completed  549000 events  realTime=11 sec  49909.1 ev/sec
Event 550000 Completed  550000 events  realTime=11 sec  50000.0 ev/sec
Event 551000 Completed  551000 events  realTime=11 sec  50090.9 ev/sec
Event 552000 Completed  552000 events  realTime=12 sec  46000.0 ev/sec
Event 553000 Completed  553000 events  realTime=12 sec  46083.3 ev/sec
Event 554000 Completed  554000 events  realTime=12 sec  46166.7 ev/sec
Event 555000 Completed  555000 events  realTime=12 sec  46250.0 ev/sec
Event 556000 Completed  556000 events  realTime=12 sec  46333.3 ev/sec
Event 557000 Completed  557000 events  realTime=12 sec  46416.7 ev/sec
Event 558000 Completed  558000 events  realTime=12 sec  46500.0 ev/sec
Event 559000 Completed  559000 events  realTime=12 sec  46583.3 ev/sec
Event 560000 Completed  560000 events  realTime=12 sec  46666.7 ev/sec
Event 561000 Completed  561000 events  realTime=12 sec  46750.0 ev/sec
Event 562000 Completed  562000 events  realTime=12 sec  46833.3 ev/sec
Event 563000 Completed  563000 events  realTime=12 sec  46916.7 ev/sec
Event 564000 Completed  564000 events  realTime=12 sec  47000.0 ev/sec
Event 565000 Completed  565000 events  realTime=12 sec  47083.3 ev/sec
Event 566000 Completed  566000 events  realTime=12 sec  47166.7 ev/sec
Event 567000 Completed  567000 events  realTime=12 sec  47250.0 ev/sec
Event 568000 Completed  568000 events  realTime=12 sec  47333.3 ev/sec
Event 569000 Completed  569000 events  realTime=12 sec  47416.7 ev/sec
Event 570000 Completed  570000 events  realTime=12 sec  47500.0 ev/sec
Event 571000 Completed  571000 events  realTime=12 sec  47583.3 ev/sec
Event 572000 Completed  572000 events  realTime=12 sec  47666.7 ev/sec
Event 573000 Completed  573000 events  realTime=12 sec  47750.0 ev/sec
Event 574000 Completed  574000 events  realTime=12 sec  47833.3 ev/sec
Event 575000 Completed  575000 events  realTime=12 sec  47916.7 ev/sec
Event 576000 Completed  576000 events  realTime=12 sec  48000.0 ev/sec
Event 577000 Completed  577000 events  realTime=12 sec  48083.3 ev/sec
Event 578000 Completed  578000 events  realTime=12 sec  48166.7 ev/sec
Event 579000 Completed  579000 events  realTime=12 sec  48250.0 ev/sec
Event 580000 Completed  580000 events  realTime=12 sec  48333.3 ev/sec
Event 581000 Completed  581000 events  realTime=12 sec  48416.7 ev/sec
Event 582000 Completed  582000 events  realTime=12 sec  48500.0 ev/sec
Event 583000 Completed  583000 events  realTime=12 sec  48583.3 ev/sec
Event 584000 Completed  584000 events  realTime=12 sec  48666.7 ev/sec
Event 585000 Completed  585000 events  realTime=12 sec  48750.0 ev/sec
Event 586000 Completed  586000 events  realTime=12 sec  48833.3 ev/sec
Event 587000 Completed  587000 events  realTime=12 sec  48916.7 ev/sec
Event 588000 Completed  588000 events  realTime=12 sec  49000.0 ev/sec
Event 589000 Completed  589000 events  realTime=12 sec  49083.3 ev/sec
Event 590000 Completed  590000 events  realTime=12 sec  49166.7 ev/sec
Event 591000 Completed  591000 events  realTime=12 sec  49250.0 ev/sec
Event 592000 Completed  592000 events  realTime=12 sec  49333.3 ev/sec
Event 593000 Completed  593000 events  realTime=12 sec  49416.7 ev/sec
Event 594000 Completed  594000 events  realTime=12 sec  49500.0 ev/sec
Event 595000 Completed  595000 events  realTime=12 sec  49583.3 ev/sec
Event 596000 Completed  596000 events  realTime=12 sec  49666.7 ev/sec
Event 597000 Completed  597000 events  realTime=12 sec  49750.0 ev/sec
Event 598000 Completed  598000 events  realTime=12 sec  49833.3 ev/sec
Event 599000 Completed  599000 events  realTime=12 sec  49916.7 ev/sec
Event 600000 Completed  600000 events  realTime=12 sec  50000.0 ev/sec
Event 601000 Completed  601000 events  realTime=13 sec  46230.8 ev/sec
Event 602000 Completed  602000 events  realTime=13 sec  46307.7 ev/sec
Event 603000 Completed  603000 events  realTime=13 sec  46384.6 ev/sec
Event 604000 Completed  604000 events  realTime=13 sec  46461.5 ev/sec
Event 605000 Completed  605000 events  realTime=13 sec  46538.5 ev/sec
Event 606000 Completed  606000 events  realTime=13 sec  46615.4 ev/sec
Event 607000 Completed  607000 events  realTime=13 sec  46692.3 ev/sec
Event 608000 Completed  608000 events  realTime=13 sec  46769.2 ev/sec
Event 609000 Completed  609000 events  realTime=13 sec  46846.2 ev/sec
Event 610000 Completed  610000 events  realTime=13 sec  46923.1 ev/sec
Event 611000 Completed  611000 events  realTime=13 sec  47000.0 ev/sec
Event 612000 Completed  612000 events  realTime=13 sec  47076.9 ev/sec
Event 613000 Completed  613000 events  realTime=13 sec  47153.8 ev/sec
Event 614000 Completed  614000 events  realTime=13 sec  47230.8 ev/sec
Event 615000 Completed  615000 events  realTime=13 sec  47307.7 ev/sec
Event 616000 Completed  616000 events  realTime=13 sec  47384.6 ev/sec
Event 617000 Completed  617000 events  realTime=13 sec  47461.5 ev/sec
Event 618000 Completed  618000 events  realTime=13 sec  47538.5 ev/sec
Event 619000 Completed  619000 events  realTime=13 sec  47615.4 ev/sec
Event 620000 Completed  620000 events  realTime=13 sec  47692.3 ev/sec
Event 621000 Completed  621000 events  realTime=13 sec  47769.2 ev/sec
Event 622000 Completed  622000 events  realTime=13 sec  47846.2 ev/sec
Event 623000 Completed  623000 events  realTime=13 sec  47923.1 ev/sec
Event 624000 Completed  624000 events  realTime=13 sec  48000.0 ev/sec
Event 625000 Completed  625000 events  realTime=13 sec  48076.9 ev/sec
Event 626000 Completed  626000 events  realTime=13 sec  48153.8 ev/sec
Event 627000 Completed  627000 events  realTime=13 sec  48230.8 ev/sec
Event 628000 Completed  628000 events  realTime=13 sec  48307.7 ev/sec
Event 629000 Completed  629000 events  realTime=13 sec  48384.6 ev/sec
Event 630000 Completed  630000 events  realTime=13 sec  48461.5 ev/sec
Event 631000 Completed  631000 events  realTime=13 sec  48538.5 ev/sec
Event 632000 Completed  632000 events  realTime=13 sec  48615.4 ev/sec
Event 633000 Completed  633000 events  realTime=13 sec  48692.3 ev/sec
Event 634000 Completed  634000 events  realTime=13 sec  48769.2 ev/sec
Event 635000 Completed  635000 events  realTime=13 sec  48846.2 ev/sec
Event 636000 Completed  636000 events  realTime=13 sec  48923.1 ev/sec
Event 637000 Completed  637000 events  realTime=13 sec  49000.0 ev/sec
Event 638000 Completed  638000 events  realTime=13 sec  49076.9 ev/sec
Event 639000 Completed  639000 events  realTime=13 sec  49153.8 ev/sec
Event 640000 Completed  640000 events  realTime=13 sec  49230.8 ev/sec
Event 641000 Completed  641000 events  realTime=13 sec  49307.7 ev/sec
Event 642000 Completed  642000 events  realTime=13 sec  49384.6 ev/sec
Event 643000 Completed  643000 events  realTime=13 sec  49461.5 ev/sec
Event 644000 Completed  644000 events  realTime=13 sec  49538.5 ev/sec
Event 645000 Completed  645000 events  realTime=13 sec  49615.4 ev/sec
Event 646000 Completed  646000 events  realTime=13 sec  49692.3 ev/sec
Event 647000 Completed  647000 events  realTime=13 sec  49769.2 ev/sec
Event 648000 Completed  648000 events  realTime=13 sec  49846.2 ev/sec
Event 649000 Completed  649000 events  realTime=13 sec  49923.1 ev/sec
Event 650000 Completed  650000 events  realTime=14 sec  46428.6 ev/sec
Event 651000 Completed  651000 events  realTime=14 sec  46500.0 ev/sec
Event 652000 Completed  652000 events  realTime=14 sec  46571.4 ev/sec
Event 653000 Completed  653000 events  realTime=14 sec  46642.9 ev/sec
Event 654000 Completed  654000 events  realTime=14 sec  46714.3 ev/sec
Event 655000 Completed  655000 events  realTime=14 sec  46785.7 ev/sec
Event 656000 Completed  656000 events  realTime=14 sec  46857.1 ev/sec
Event 657000 Completed  657000 events  realTime=14 sec  46928.6 ev/sec
Event 658000 Completed  658000 events  realTime=14 sec  47000.0 ev/sec
Event 659000 Completed  659000 events  realTime=14 sec  47071.4 ev/sec
Event 660000 Completed  660000 events  realTime=14 sec  47142.9 ev/sec
Event 661000 Completed  661000 events  realTime=14 sec  47214.3 ev/sec
Event 662000 Completed  662000 events  realTime=14 sec  47285.7 ev/sec
Event 663000 Completed  663000 events  realTime=14 sec  47357.1 ev/sec
Event 664000 Completed  664000 events  realTime=14 sec  47428.6 ev/sec
Event 665000 Completed  665000 events  realTime=14 sec  47500.0 ev/sec
Event 666000 Completed  666000 events  realTime=14 sec  47571.4 ev/sec
Event 667000 Completed  667000 events  realTime=14 sec  47642.9 ev/sec
Event 668000 Completed  668000 events  realTime=14 sec  47714.3 ev/sec
Event 669000 Completed  669000 events  realTime=14 sec  47785.7 ev/sec
Event 670000 Completed  670000 events  realTime=14 sec  47857.1 ev/sec
Event 671000 Completed  671000 events  realTime=14 sec  47928.6 ev/sec
Event 672000 Completed  672000 events  realTime=14 sec  48000.0 ev/sec
Event 673000 Completed  673000 events  realTime=14 sec  48071.4 ev/sec
Event 674000 Completed  674000 events  realTime=14 sec  48142.9 ev/sec
Event 675000 Completed  675000 events  realTime=14 sec  48214.3 ev/sec
Event 676000 Completed  676000 events  realTime=14 sec  48285.7 ev/sec
Event 677000 Completed  677000 events  realTime=14 sec  48357.1 ev/sec
Event 678000 Completed  678000 events  realTime=14 sec  48428.6 ev/sec
Event 679000 Completed  679000 events  realTime=14 sec  48500.0 ev/sec
Event 680000 Completed  680000 events  realTime=14 sec  48571.4 ev/sec
Event 681000 Completed  681000 events  realTime=14 sec  48642.9 ev/sec
Event 682000 Completed  682000 events  realTime=14 sec  48714.3 ev/sec
Event 683000 Completed  683000 events  realTime=14 sec  48785.7 ev/sec
Event 684000 Completed  684000 events  realTime=14 sec  48857.1 ev/sec
Event 685000 Completed  685000 events  realTime=14 sec  48928.6 ev/sec
Event 686000 Completed  686000 events  realTime=14 sec  49000.0 ev/sec
Event 687000 Completed  687000 events  realTime=14 sec  49071.4 ev/sec
Event 688000 Completed  688000 events  realTime=14 sec  49142.9 ev/sec
Event 689000 Completed  689000 events  realTime=14 sec  49214.3 ev/sec
Event 690000 Completed  690000 events  realTime=14 sec  49285.7 ev/sec
Event 691000 Completed  691000 events  realTime=14 sec  49357.1 ev/sec
Event 692000 Completed  692000 events  realTime=14 sec  49428.6 ev/sec
Event 693000 Completed  693000 events  realTime=14 sec  49500.0 ev/sec
Event 694000 Completed  694000 events  realTime=14 sec  49571.4 ev/sec
Event 695000 Completed  695000 events  realTime=14 sec  49642.9 ev/sec
Event 696000 Completed  696000 events  realTime=14 sec  49714.3 ev/sec
Event 697000 Completed  697000 events  realTime=14 sec  49785.7 ev/sec
Event 698000 Completed  698000 events  realTime=15 sec  46533.3 ev/sec
Event 699000 Completed  699000 events  realTime=15 sec  46600.0 ev/sec
Event 700000 Completed  700000 events  realTime=15 sec  46666.7 ev/sec
Event 701000 Completed  701000 events  realTime=15 sec  46733.3 ev/sec
Event 702000 Completed  702000 events  realTime=15 sec  46800.0 ev/sec
Event 703000 Completed  703000 events  realTime=15 sec  46866.7 ev/sec
Event 704000 Completed  704000 events  realTime=15 sec  46933.3 ev/sec
Event 705000 Completed  705000 events  realTime=15 sec  47000.0 ev/sec
Event 706000 Completed  706000 events  realTime=15 sec  47066.7 ev/sec
Event 707000 Completed  707000 events  realTime=15 sec  47133.3 ev/sec
Event 708000 Completed  708000 events  realTime=15 sec  47200.0 ev/sec
Event 709000 Completed  709000 events  realTime=15 sec  47266.7 ev/sec
Event 710000 Completed  710000 events  realTime=15 sec  47333.3 ev/sec
Event 711000 Completed  711000 events  realTime=15 sec  47400.0 ev/sec
Event 712000 Completed  712000 events  realTime=15 sec  47466.7 ev/sec
Event 713000 Completed  713000 events  realTime=15 sec  47533.3 ev/sec
Event 714000 Completed  714000 events  realTime=15 sec  47600.0 ev/sec
Event 715000 Completed  715000 events  realTime=15 sec  47666.7 ev/sec
Event 716000 Completed  716000 events  realTime=15 sec  47733.3 ev/sec
Event 717000 Completed  717000 events  realTime=15 sec  47800.0 ev/sec
Event 718000 Completed  718000 events  realTime=15 sec  47866.7 ev/sec
Event 719000 Completed  719000 events  realTime=15 sec  47933.3 ev/sec
Event 720000 Completed  720000 events  realTime=15 sec  48000.0 ev/sec
Event 721000 Completed  721000 events  realTime=15 sec  48066.7 ev/sec
Event 722000 Completed  722000 events  realTime=15 sec  48133.3 ev/sec
Event 723000 Completed  723000 events  realTime=15 sec  48200.0 ev/sec
Event 724000 Completed  724000 events  realTime=15 sec  48266.7 ev/sec
Event 725000 Completed  725000 events  realTime=15 sec  48333.3 ev/sec
Event 726000 Completed  726000 events  realTime=15 sec  48400.0 ev/sec
Event 727000 Completed  727000 events  realTime=15 sec  48466.7 ev/sec
Event 728000 Completed  728000 events  realTime=15 sec  48533.3 ev/sec
Event 729000 Completed  729000 events  realTime=15 sec  48600.0 ev/sec
Event 730000 Completed  730000 events  realTime=15 sec  48666.7 ev/sec
Event 731000 Completed  731000 events  realTime=15 sec  48733.3 ev/sec
Event 732000 Completed  732000 events  realTime=15 sec  48800.0 ev/sec
Event 733000 Completed  733000 events  realTime=15 sec  48866.7 ev/sec
Event 734000 Completed  734000 events  realTime=15 sec  48933.3 ev/sec
Event 735000 Completed  735000 events  realTime=15 sec  49000.0 ev/sec
Event 736000 Completed  736000 events  realTime=15 sec  49066.7 ev/sec
Event 737000 Completed  737000 events  realTime=15 sec  49133.3 ev/sec
Event 738000 Completed  738000 events  realTime=15 sec  49200.0 ev/sec
Event 739000 Completed  739000 events  realTime=15 sec  49266.7 ev/sec
Event 740000 Completed  740000 events  realTime=15 sec  49333.3 ev/sec
Event 741000 Completed  741000 events  realTime=15 sec  49400.0 ev/sec
Event 742000 Completed  742000 events  realTime=15 sec  49466.7 ev/sec
Event 743000 Completed  743000 events  realTime=15 sec  49533.3 ev/sec
Event 744000 Completed  744000 events  realTime=15 sec  49600.0 ev/sec
Event 745000 Completed  745000 events  realTime=15 sec  49666.7 ev/sec
Event 746000 Completed  746000 events  realTime=15 sec  49733.3 ev/sec
Event 747000 Completed  747000 events  realTime=15 sec  49800.0 ev/sec
Event 748000 Completed  748000 events  realTime=16 sec  46750.0 ev/sec
Event 749000 Completed  749000 events  realTime=16 sec  46812.5 ev/sec
Event 750000 Completed  750000 events  realTime=16 sec  46875.0 ev/sec
Event 751000 Completed  751000 events  realTime=16 sec  46937.5 ev/sec
Event 752000 Completed  752000 events  realTime=16 sec  47000.0 ev/sec
Event 753000 Completed  753000 events  realTime=16 sec  47062.5 ev/sec
Event 754000 Completed  754000 events  realTime=16 sec  47125.0 ev/sec
Event 755000 Completed  755000 events  realTime=16 sec  47187.5 ev/sec
Event 756000 Completed  756000 events  realTime=16 sec  47250.0 ev/sec
Event 757000 Completed  757000 events  realTime=16 sec  47312.5 ev/sec
Event 758000 Completed  758000 events  realTime=16 sec  47375.0 ev/sec
Event 759000 Completed  759000 events  realTime=16 sec  47437.5 ev/sec
Event 760000 Completed  760000 events  realTime=16 sec  47500.0 ev/sec
Event 761000 Completed  761000 events  realTime=16 sec  47562.5 ev/sec
Event 762000 Completed  762000 events  realTime=16 sec  47625.0 ev/sec
Event 763000 Completed  763000 events  realTime=16 sec  47687.5 ev/sec
Event 764000 Completed  764000 events  realTime=16 sec  47750.0 ev/sec
Event 765000 Completed  765000 events  realTime=16 sec  47812.5 ev/sec
Event 766000 Completed  766000 events  realTime=16 sec  47875.0 ev/sec
Event 767000 Completed  767000 events  realTime=16 sec  47937.5 ev/sec
Event 768000 Completed  768000 events  realTime=16 sec  48000.0 ev/sec
Event 769000 Completed  769000 events  realTime=16 sec  48062.5 ev/sec
Event 770000 Completed  770000 events  realTime=16 sec  48125.0 ev/sec
Event 771000 Completed  771000 events  realTime=16 sec  48187.5 ev/sec
Event 772000 Completed  772000 events  realTime=16 sec  48250.0 ev/sec
Event 773000 Completed  773000 events  realTime=16 sec  48312.5 ev/sec
Event 774000 Completed  774000 events  realTime=16 sec  48375.0 ev/sec
Event 775000 Completed  775000 events  realTime=16 sec  48437.5 ev/sec
Event 776000 Completed  776000 events  realTime=16 sec  48500.0 ev/sec
Event 777000 Completed  777000 events  realTime=16 sec  48562.5 ev/sec
Event 778000 Completed  778000 events  realTime=16 sec  48625.0 ev/sec
Event 779000 Completed  779000 events  realTime=16 sec  48687.5 ev/sec
Event 780000 Completed  780000 events  realTime=16 sec  48750.0 ev/sec
Event 781000 Completed  781000 events  realTime=16 sec  48812.5 ev/sec
Event 782000 Completed  782000 events  realTime=16 sec  48875.0 ev/sec
Event 783000 Completed  783000 events  realTime=16 sec  48937.5 ev/sec
Event 784000 Completed  784000 events  realTime=16 sec  49000.0 ev/sec
Event 785000 Completed  785000 events  realTime=16 sec  49062.5 ev/sec
Event 786000 Completed  786000 events  realTime=16 sec  49125.0 ev/sec
Event 787000 Completed  787000 events  realTime=16 sec  49187.5 ev/sec
Event 788000 Completed  788000 events  realTime=16 sec  49250.0 ev/sec
Event 789000 Completed  789000 events  realTime=16 sec  49312.5 ev/sec
Event 790000 Completed  790000 events  realTime=16 sec  49375.0 ev/sec
Event 791000 Completed  791000 events  realTime=16 sec  49437.5 ev/sec
Event 792000 Completed  792000 events  realTime=16 sec  49500.0 ev/sec
Event 793000 Completed  793000 events  realTime=16 sec  49562.5 ev/sec
Event 794000 Completed  794000 events  realTime=16 sec  49625.0 ev/sec
Event 795000 Completed  795000 events  realTime=16 sec  49687.5 ev/sec
Event 796000 Completed  796000 events  realTime=16 sec  49750.0 ev/sec
Event 797000 Completed  797000 events  realTime=17 sec  46882.4 ev/sec
Event 798000 Completed  798000 events  realTime=17 sec  46941.2 ev/sec
Event 799000 Completed  799000 events  realTime=17 sec  47000.0 ev/sec
Event 800000 Completed  800000 events  realTime=17 sec  47058.8 ev/sec
Event 801000 Completed  801000 events  realTime=17 sec  47117.6 ev/sec
Event 802000 Completed  802000 events  realTime=17 sec  47176.5 ev/sec
Event 803000 Completed  803000 events  realTime=17 sec  47235.3 ev/sec
Event 804000 Completed  804000 events  realTime=17 sec  47294.1 ev/sec
Event 805000 Completed  805000 events  realTime=17 sec  47352.9 ev/sec
Event 806000 Completed  806000 events  realTime=17 sec  47411.8 ev/sec
Event 807000 Completed  807000 events  realTime=17 sec  47470.6 ev/sec
Event 808000 Completed  808000 events  realTime=17 sec  47529.4 ev/sec
Event 809000 Completed  809000 events  realTime=17 sec  47588.2 ev/sec
Event 810000 Completed  810000 events  realTime=17 sec  47647.1 ev/sec
Event 811000 Completed  811000 events  realTime=17 sec  47705.9 ev/sec
Event 812000 Completed  812000 events  realTime=17 sec  47764.7 ev/sec
Event 813000 Completed  813000 events  realTime=17 sec  47823.5 ev/sec
Event 814000 Completed  814000 events  realTime=17 sec  47882.4 ev/sec
Event 815000 Completed  815000 events  realTime=17 sec  47941.2 ev/sec
Event 816000 Completed  816000 events  realTime=17 sec  48000.0 ev/sec
Event 817000 Completed  817000 events  realTime=17 sec  48058.8 ev/sec
Event 818000 Completed  818000 events  realTime=17 sec  48117.6 ev/sec
Event 819000 Completed  819000 events  realTime=17 sec  48176.5 ev/sec
Event 820000 Completed  820000 events  realTime=17 sec  48235.3 ev/sec
Event 821000 Completed  821000 events  realTime=17 sec  48294.1 ev/sec
Event 822000 Completed  822000 events  realTime=17 sec  48352.9 ev/sec
Event 823000 Completed  823000 events  realTime=17 sec  48411.8 ev/sec
Event 824000 Completed  824000 events  realTime=17 sec  48470.6 ev/sec
Event 825000 Completed  825000 events  realTime=17 sec  48529.4 ev/sec
Event 826000 Completed  826000 events  realTime=17 sec  48588.2 ev/sec
Event 827000 Completed  827000 events  realTime=17 sec  48647.1 ev/sec
Event 828000 Completed  828000 events  realTime=17 sec  48705.9 ev/sec
Event 829000 Completed  829000 events  realTime=17 sec  48764.7 ev/sec
Event 830000 Completed  830000 events  realTime=17 sec  48823.5 ev/sec
Event 831000 Completed  831000 events  realTime=17 sec  48882.4 ev/sec
Event 832000 Completed  832000 events  realTime=17 sec  48941.2 ev/sec
Event 833000 Completed  833000 events  realTime=17 sec  49000.0 ev/sec
Event 834000 Completed  834000 events  realTime=17 sec  49058.8 ev/sec
Event 835000 Completed  835000 events  realTime=17 sec  49117.6 ev/sec
Event 836000 Completed  836000 events  realTime=17 sec  49176.5 ev/sec
Event 837000 Completed  837000 events  realTime=17 sec  49235.3 ev/sec
Event 838000 Completed  838000 events  realTime=17 sec  49294.1 ev/sec
Event 839000 Completed  839000 events  realTime=17 sec  49352.9 ev/sec
Event 840000 Completed  840000 events  realTime=17 sec  49411.8 ev/sec
Event 841000 Completed  841000 events  realTime=17 sec  49470.6 ev/sec
Event 842000 Completed  842000 events  realTime=17 sec  49529.4 ev/sec
Event 843000 Completed  843000 events  realTime=17 sec  49588.2 ev/sec
Event 844000 Completed  844000 events  realTime=17 sec  49647.1 ev/sec
Event 845000 Completed  845000 events  realTime=17 sec  49705.9 ev/sec
Event 846000 Completed  846000 events  realTime=17 sec  49764.7 ev/sec
Event 847000 Completed  847000 events  realTime=18 sec  47055.6 ev/sec
Event 848000 Completed  848000 events  realTime=18 sec  47111.1 ev/sec
Event 849000 Completed  849000 events  realTime=18 sec  47166.7 ev/sec
Event 850000 Completed  850000 events  realTime=18 sec  47222.2 ev/sec
Event 851000 Completed  851000 events  realTime=18 sec  47277.8 ev/sec
Event 852000 Completed  852000 events  realTime=18 sec  47333.3 ev/sec
Event 853000 Completed  853000 events  realTime=18 sec  47388.9 ev/sec
Event 854000 Completed  854000 events  realTime=18 sec  47444.4 ev/sec
Event 855000 Completed  855000 events  realTime=18 sec  47500.0 ev/sec
Event 856000 Completed  856000 events  realTime=18 sec  47555.6 ev/sec
Event 857000 Completed  857000 events  realTime=18 sec  47611.1 ev/sec
Event 858000 Completed  858000 events  realTime=18 sec  47666.7 ev/sec
Event 859000 Completed  859000 events  realTime=18 sec  47722.2 ev/sec
Event 860000 Completed  860000 events  realTime=18 sec  47777.8 ev/sec
Event 861000 Completed  861000 events  realTime=18 sec  47833.3 ev/sec
Event 862000 Completed  862000 events  realTime=18 sec  47888.9 ev/sec
Event 863000 Completed  863000 events  realTime=18 sec  47944.4 ev/sec
Event 864000 Completed  864000 events  realTime=18 sec  48000.0 ev/sec
Event 865000 Completed  865000 events  realTime=18 sec  48055.6 ev/sec
Event 866000 Completed  866000 events  realTime=18 sec  48111.1 ev/sec
Event 867000 Completed  867000 events  realTime=18 sec  48166.7 ev/sec
Event 868000 Completed  868000 events  realTime=18 sec  48222.2 ev/sec
Event 869000 Completed  869000 events  realTime=18 sec  48277.8 ev/sec
Event 870000 Completed  870000 events  realTime=18 sec  48333.3 ev/sec
Event 871000 Completed  871000 events  realTime=18 sec  48388.9 ev/sec
Event 872000 Completed  872000 events  realTime=18 sec  48444.4 ev/sec
Event 873000 Completed  873000 events  realTime=18 sec  48500.0 ev/sec
Event 874000 Completed  874000 events  realTime=18 sec  48555.6 ev/sec
Event 875000 Completed  875000 events  realTime=18 sec  48611.1 ev/sec
Event 876000 Completed  876000 events  realTime=18 sec  48666.7 ev/sec
Event 877000 Completed  877000 events  realTime=18 sec  48722.2 ev/sec
Event 878000 Completed  878000 events  realTime=18 sec  48777.8 ev/sec
Event 879000 Completed  879000 events  realTime=18 sec  48833.3 ev/sec
Event 880000 Completed  880000 events  realTime=18 sec  48888.9 ev/sec
Event 881000 Completed  881000 events  realTime=18 sec  48944.4 ev/sec
Event 882000 Completed  882000 events  realTime=18 sec  49000.0 ev/sec
Event 883000 Completed  883000 events  realTime=18 sec  49055.6 ev/sec
Event 884000 Completed  884000 events  realTime=18 sec  49111.1 ev/sec
Event 885000 Completed  885000 events  realTime=18 sec  49166.7 ev/sec
Event 886000 Completed  886000 events  realTime=18 sec  49222.2 ev/sec
Event 887000 Completed  887000 events  realTime=18 sec  49277.8 ev/sec
Event 888000 Completed  888000 events  realTime=18 sec  49333.3 ev/sec
Event 889000 Completed  889000 events  realTime=18 sec  49388.9 ev/sec
Event 890000 Completed  890000 events  realTime=18 sec  49444.4 ev/sec
Event 891000 Completed  891000 events  realTime=18 sec  49500.0 ev/sec
Event 892000 Completed  892000 events  realTime=18 sec  49555.6 ev/sec
Event 893000 Completed  893000 events  realTime=18 sec  49611.1 ev/sec
Event 894000 Completed  894000 events  realTime=18 sec  49666.7 ev/sec
Event 895000 Completed  895000 events  realTime=18 sec  49722.2 ev/sec
Event 896000 Completed  896000 events  realTime=19 sec  47157.9 ev/sec
Event 897000 Completed  897000 events  realTime=19 sec  47210.5 ev/sec
Event 898000 Completed  898000 events  realTime=19 sec  47263.2 ev/sec
Event 899000 Completed  899000 events  realTime=19 sec  47315.8 ev/sec
Event 900000 Completed  900000 events  realTime=19 sec  47368.4 ev/sec
Event 901000 Completed  901000 events  realTime=19 sec  47421.1 ev/sec
Event 902000 Completed  902000 events  realTime=19 sec  47473.7 ev/sec
Event 903000 Completed  903000 events  realTime=19 sec  47526.3 ev/sec
Event 904000 Completed  904000 events  realTime=19 sec  47578.9 ev/sec
Event 905000 Completed  905000 events  realTime=19 sec  47631.6 ev/sec
Event 906000 Completed  906000 events  realTime=19 sec  47684.2 ev/sec
Event 907000 Completed  907000 events  realTime=19 sec  47736.8 ev/sec
Event 908000 Completed  908000 events  realTime=19 sec  47789.5 ev/sec
Event 909000 Completed  909000 events  realTime=19 sec  47842.1 ev/sec
Event 910000 Completed  910000 events  realTime=19 sec  47894.7 ev/sec
Event 911000 Completed  911000 events  realTime=19 sec  47947.4 ev/sec
Event 912000 Completed  912000 events  realTime=19 sec  48000.0 ev/sec
Event 913000 Completed  913000 events  realTime=19 sec  48052.6 ev/sec
Event 914000 Completed  914000 events  realTime=19 sec  48105.3 ev/sec
Event 915000 Completed  915000 events  realTime=19 sec  48157.9 ev/sec
Event 916000 Completed  916000 events  realTime=19 sec  48210.5 ev/sec
Event 917000 Completed  917000 events  realTime=19 sec  48263.2 ev/sec
Event 918000 Completed  918000 events  realTime=19 sec  48315.8 ev/sec
Event 919000 Completed  919000 events  realTime=19 sec  48368.4 ev/sec
Event 920000 Completed  920000 events  realTime=19 sec  48421.1 ev/sec
Event 921000 Completed  921000 events  realTime=19 sec  48473.7 ev/sec
Event 922000 Completed  922000 events  realTime=19 sec  48526.3 ev/sec
Event 923000 Completed  923000 events  realTime=19 sec  48578.9 ev/sec
Event 924000 Completed  924000 events  realTime=19 sec  48631.6 ev/sec
Event 925000 Completed  925000 events  realTime=19 sec  48684.2 ev/sec
Event 926000 Completed  926000 events  realTime=19 sec  48736.8 ev/sec
Event 927000 Completed  927000 events  realTime=19 sec  48789.5 ev/sec
Event 928000 Completed  928000 events  realTime=19 sec  48842.1 ev/sec
Event 929000 Completed  929000 events  realTime=19 sec  48894.7 ev/sec
Event 930000 Completed  930000 events  realTime=19 sec  48947.4 ev/sec
Event 931000 Completed  931000 events  realTime=19 sec  49000.0 ev/sec
Event 932000 Completed  932000 events  realTime=19 sec  49052.6 ev/sec
Event 933000 Completed  933000 events  realTime=19 sec  49105.3 ev/sec
Event 934000 Completed  934000 events  realTime=19 sec  49157.9 ev/sec
Event 935000 Completed  935000 events  realTime=19 sec  49210.5 ev/sec
Event 936000 Completed  936000 events  realTime=19 sec  49263.2 ev/sec
Event 937000 Completed  937000 events  realTime=19 sec  49315.8 ev/sec
Event 938000 Completed  938000 events  realTime=19 sec  49368.4 ev/sec
Event 939000 Completed  939000 events  realTime=19 sec  49421.1 ev/sec
Event 940000 Completed  940000 events  realTime=19 sec  49473.7 ev/sec
Event 941000 Completed  941000 events  realTime=19 sec  49526.3 ev/sec
Event 942000 Completed  942000 events  realTime=19 sec  49578.9 ev/sec
Event 943000 Completed  943000 events  realTime=19 sec  49631.6 ev/sec
Event 944000 Completed  944000 events  realTime=20 sec  47200.0 ev/sec
Event 945000 Completed  945000 events  realTime=20 sec  47250.0 ev/sec
Event 946000 Completed  946000 events  realTime=20 sec  47300.0 ev/sec
Event 947000 Completed  947000 events  realTime=20 sec  47350.0 ev/sec
Event 948000 Completed  948000 events  realTime=20 sec  47400.0 ev/sec
Event 949000 Completed  949000 events  realTime=20 sec  47450.0 ev/sec
Event 950000 Completed  950000 events  realTime=20 sec  47500.0 ev/sec
Event 951000 Completed  951000 events  realTime=20 sec  47550.0 ev/sec
Event 952000 Completed  952000 events  realTime=20 sec  47600.0 ev/sec
Event 953000 Completed  953000 events  realTime=20 sec  47650.0 ev/sec
Event 954000 Completed  954000 events  realTime=20 sec  47700.0 ev/sec
Event 955000 Completed  955000 events  realTime=20 sec  47750.0 ev/sec
Event 956000 Completed  956000 events  realTime=20 sec  47800.0 ev/sec
Event 957000 Completed  957000 events  realTime=20 sec  47850.0 ev/sec
Event 958000 Completed  958000 events  realTime=20 sec  47900.0 ev/sec
Event 959000 Completed  959000 events  realTime=20 sec  47950.0 ev/sec
Event 960000 Completed  960000 events  realTime=20 sec  48000.0 ev/sec
Event 961000 Completed  961000 events  realTime=20 sec  48050.0 ev/sec
Event 962000 Completed  962000 events  realTime=20 sec  48100.0 ev/sec
Event 963000 Completed  963000 events  realTime=20 sec  48150.0 ev/sec
Event 964000 Completed  964000 events  realTime=20 sec  48200.0 ev/sec
Event 965000 Completed  965000 events  realTime=20 sec  48250.0 ev/sec
Event 966000 Completed  966000 events  realTime=20 sec  48300.0 ev/sec
Event 967000 Completed  967000 events  realTime=20 sec  48350.0 ev/sec
Event 968000 Completed  968000 events  realTime=20 sec  48400.0 ev/sec
Event 969000 Completed  969000 events  realTime=20 sec  48450.0 ev/sec
Event 970000 Completed  970000 events  realTime=20 sec  48500.0 ev/sec
Event 971000 Completed  971000 events  realTime=20 sec  48550.0 ev/sec
Event 972000 Completed  972000 events  realTime=20 sec  48600.0 ev/sec
Event 973000 Completed  973000 events  realTime=20 sec  48650.0 ev/sec
Event 974000 Completed  974000 events  realTime=20 sec  48700.0 ev/sec
Event 975000 Completed  975000 events  realTime=20 sec  48750.0 ev/sec
Event 976000 Completed  976000 events  realTime=20 sec  48800.0 ev/sec
Event 977000 Completed  977000 events  realTime=20 sec  48850.0 ev/sec
Event 978000 Completed  978000 events  realTime=20 sec  48900.0 ev/sec
Event 979000 Completed  979000 events  realTime=20 sec  48950.0 ev/sec
Event 980000 Completed  980000 events  realTime=20 sec  49000.0 ev/sec
Event 981000 Completed  981000 events  realTime=20 sec  49050.0 ev/sec
Event 982000 Completed  982000 events  realTime=20 sec  49100.0 ev/sec
Event 983000 Completed  983000 events  realTime=20 sec  49150.0 ev/sec
Event 984000 Completed  984000 events  realTime=20 sec  49200.0 ev/sec
Event 985000 Completed  985000 events  realTime=20 sec  49250.0 ev/sec
Event 986000 Completed  986000 events  realTime=20 sec  49300.0 ev/sec
Event 987000 Completed  987000 events  realTime=20 sec  49350.0 ev/sec
Event 988000 Completed  988000 events  realTime=20 sec  49400.0 ev/sec
Event 989000 Completed  989000 events  realTime=20 sec  49450.0 ev/sec
Event 990000 Completed  990000 events  realTime=20 sec  49500.0 ev/sec
Event 991000 Completed  991000 events  realTime=20 sec  49550.0 ev/sec
Event 992000 Completed  992000 events  realTime=20 sec  49600.0 ev/sec
Event 993000 Completed  993000 events  realTime=20 sec  49650.0 ev/sec
Event 994000 Completed  994000 events  realTime=21 sec  47333.3 ev/sec
Event 995000 Completed  995000 events  realTime=21 sec  47381.0 ev/sec
Event 996000 Completed  996000 events  realTime=21 sec  47428.6 ev/sec
Event 997000 Completed  997000 events  realTime=21 sec  47476.2 ev/sec
Event 998000 Completed  998000 events  realTime=21 sec  47523.8 ev/sec
Event 999000 Completed  999000 events  realTime=21 sec  47571.4 ev/sec
Event 1000000 Completed  1000000 events  realTime=21 sec  47619.0 ev/sec
Run complete  1000000 Events  21 seconds
NTuple Det1              186801 entries

Exceptions: 0 Fatal, 0 Events Aborted, 0 Stuck Tracks (stopped), 0 Warnings
g4beamline: simulation complete
=======================================================================
======       Radioactive Decay Physics Parameters              ========
=======================================================================
Max life time                                     1.4427e+06 ps
Internal e- conversion flag                       1
Stored internal conversion coefficients           1
Enable correlated gamma emission                  0
Max 2J for sampling of angular correlations       10
Atomic de-excitation enabled                      1
Auger electron emission enabled                   1
Auger cascade enabled                             1
Check EM cuts disabled for atomic de-excitation   1
Use Bearden atomic level energies                 0
=======================================================================
